# JRE version: Java(TM) SE Runtime Environment (8.0_202-b08) (build 1.8.0_202-b08)
# Java VM: Java HotSpot(TM) 64-Bit Server VM (25.202-b08 mixed mode windows-amd64 compressed oops)
Heap:
 PSYoungGen      total 408576K, used 75243K [0x00000000d5f00000, 0x00000000fb980000, 0x0000000100000000)
  eden space 401920K, 17% used [0x00000000d5f00000,0x00000000da21d278,0x00000000ee780000)
  from space 6656K, 97% used [0x00000000fb300000,0x00000000fb95db80,0x00000000fb980000)
  to   space 13312K, 0% used [0x00000000f9f80000,0x00000000f9f80000,0x00000000fac80000)
 ParOldGen       total 99328K, used 29899K [0x0000000081c00000, 0x0000000087d00000, 0x00000000d5f00000)
  object space 99328K, 30% used [0x0000000081c00000,0x0000000083932ff8,0x0000000087d00000)
 Metaspace       used 67946K, capacity 72478K, committed 72792K, reserved 1112064K
  class space    used 8993K, capacity 9774K, committed 9856K, reserved 1048576K
GC Heap History (10 events):
Event: 81491.579 GC heap before
{Heap before GC invocations=21 (full 3):
 PSYoungGen      total 508928K, used 508701K [0x00000000d5f00000, 0x00000000fdc80000, 0x0000000100000000)
  eden space 501760K, 100% used [0x00000000d5f00000,0x00000000f4900000,0x00000000f4900000)
  from space 7168K, 96% used [0x00000000fc400000,0x00000000fcac75c0,0x00000000fcb00000)
  to   space 15360K, 0% used [0x00000000fcd80000,0x00000000fcd80000,0x00000000fdc80000)
 ParOldGen       total 99328K, used 29875K [0x0000000081c00000, 0x0000000087d00000, 0x00000000d5f00000)
  object space 99328K, 30% used [0x0000000081c00000,0x000000008392cff8,0x0000000087d00000)
 Metaspace       used 67845K, capacity 72420K, committed 72536K, reserved 1112064K
  class space    used 8980K, capacity 9763K, committed 9856K, reserved 1048576K
Event: 81491.603 GC heap after
Heap after GC invocations=21 (full 3):
 PSYoungGen      total 486400K, used 6215K [0x00000000d5f00000, 0x00000000fd400000, 0x0000000100000000)
  eden space 479744K, 0% used [0x00000000d5f00000,0x00000000d5f00000,0x00000000f3380000)
  from space 6656K, 93% used [0x00000000fcd80000,0x00000000fd391f90,0x00000000fd400000)
  to   space 14848K, 0% used [0x00000000fb700000,0x00000000fb700000,0x00000000fc580000)
 ParOldGen       total 99328K, used 29883K [0x0000000081c00000, 0x0000000087d00000, 0x00000000d5f00000)
  object space 99328K, 30% used [0x0000000081c00000,0x000000008392eff8,0x0000000087d00000)
 Metaspace       used 67845K, capacity 72420K, committed 72536K, reserved 1112064K
  class space    used 8980K, capacity 9763K, committed 9856K, reserved 1048576K
}
Event: 89268.400 GC heap before
{Heap before GC invocations=22 (full 3):
 PSYoungGen      total 486400K, used 485959K [0x00000000d5f00000, 0x00000000fd400000, 0x0000000100000000)
  eden space 479744K, 100% used [0x00000000d5f00000,0x00000000f3380000,0x00000000f3380000)
  from space 6656K, 93% used [0x00000000fcd80000,0x00000000fd391f90,0x00000000fd400000)
  to   space 14848K, 0% used [0x00000000fb700000,0x00000000fb700000,0x00000000fc580000)
 ParOldGen       total 99328K, used 29883K [0x0000000081c00000, 0x0000000087d00000, 0x00000000d5f00000)
  object space 99328K, 30% used [0x0000000081c00000,0x000000008392eff8,0x0000000087d00000)
 Metaspace       used 67898K, capacity 72466K, committed 72792K, reserved 1112064K
  class space    used 8986K, capacity 9772K, committed 9856K, reserved 1048576K
Event: 89268.467 GC heap after
Heap after GC invocations=22 (full 3):
 PSYoungGen      total 465920K, used 6983K [0x00000000d5f00000, 0x00000000fce00000, 0x0000000100000000)
  eden space 458752K, 0% used [0x00000000d5f00000,0x00000000d5f00000,0x00000000f1f00000)
  from space 7168K, 97% used [0x00000000fb700000,0x00000000fbdd1fd0,0x00000000fbe00000)
  to   space 14336K, 0% used [0x00000000fc000000,0x00000000fc000000,0x00000000fce00000)
 ParOldGen       total 99328K, used 29891K [0x0000000081c00000, 0x0000000087d00000, 0x00000000d5f00000)
  object space 99328K, 30% used [0x0000000081c00000,0x0000000083930ff8,0x0000000087d00000)
 Metaspace       used 67898K, capacity 72466K, committed 72792K, reserved 1112064K
  class space    used 8986K, capacity 9772K, committed 9856K, reserved 1048576K
}
Event: 95865.245 GC heap before
{Heap before GC invocations=23 (full 3):
 PSYoungGen      total 465920K, used 465735K [0x00000000d5f00000, 0x00000000fce00000, 0x0000000100000000)
  eden space 458752K, 100% used [0x00000000d5f00000,0x00000000f1f00000,0x00000000f1f00000)
  from space 7168K, 97% used [0x00000000fb700000,0x00000000fbdd1fd0,0x00000000fbe00000)
  to   space 14336K, 0% used [0x00000000fc000000,0x00000000fc000000,0x00000000fce00000)
 ParOldGen       total 99328K, used 29891K [0x0000000081c00000, 0x0000000087d00000, 0x00000000d5f00000)
  object space 99328K, 30% used [0x0000000081c00000,0x0000000083930ff8,0x0000000087d00000)
 Metaspace       used 67941K, capacity 72478K, committed 72792K, reserved 1112064K
  class space    used 8993K, capacity 9774K, committed 9856K, reserved 1048576K
Event: 95865.368 GC heap after
Heap after GC invocations=23 (full 3):
 PSYoungGen      total 444928K, used 6116K [0x00000000d5f00000, 0x00000000fc600000, 0x0000000100000000)
  eden space 438784K, 0% used [0x00000000d5f00000,0x00000000d5f00000,0x00000000f0b80000)
  from space 6144K, 99% used [0x00000000fc000000,0x00000000fc5f9210,0x00000000fc600000)
  to   space 14336K, 0% used [0x00000000faa00000,0x00000000faa00000,0x00000000fb800000)
 ParOldGen       total 99328K, used 29899K [0x0000000081c00000, 0x0000000087d00000, 0x00000000d5f00000)
  object space 99328K, 30% used [0x0000000081c00000,0x0000000083932ff8,0x0000000087d00000)
 Metaspace       used 67941K, capacity 72478K, committed 72792K, reserved 1112064K
  class space    used 8993K, capacity 9774K, committed 9856K, reserved 1048576K
}
Event: 113133.340 GC heap before
{Heap before GC invocations=24 (full 3):
 PSYoungGen      total 444928K, used 444900K [0x00000000d5f00000, 0x00000000fc600000, 0x0000000100000000)
  eden space 438784K, 100% used [0x00000000d5f00000,0x00000000f0b80000,0x00000000f0b80000)
  from space 6144K, 99% used [0x00000000fc000000,0x00000000fc5f9210,0x00000000fc600000)
  to   space 14336K, 0% used [0x00000000faa00000,0x00000000faa00000,0x00000000fb800000)
 ParOldGen       total 99328K, used 29899K [0x0000000081c00000, 0x0000000087d00000, 0x00000000d5f00000)
  object space 99328K, 30% used [0x0000000081c00000,0x0000000083932ff8,0x0000000087d00000)
 Metaspace       used 67941K, capacity 72478K, committed 72792K, reserved 1112064K
  class space    used 8993K, capacity 9774K, committed 9856K, reserved 1048576K
Event: 113133.365 GC heap after
Heap after GC invocations=24 (full 3):
 PSYoungGen      total 425984K, used 5794K [0x00000000d5f00000, 0x00000000fc080000, 0x0000000100000000)
  eden space 419840K, 0% used [0x00000000d5f00000,0x00000000d5f00000,0x00000000ef900000)
  from space 6144K, 94% used [0x00000000faa00000,0x00000000fafa89b0,0x00000000fb000000)
  to   space 13824K, 0% used [0x00000000fb300000,0x00000000fb300000,0x00000000fc080000)
 ParOldGen       total 99328K, used 29899K [0x0000000081c00000, 0x0000000087d00000, 0x00000000d5f00000)
  object space 99328K, 30% used [0x0000000081c00000,0x0000000083932ff8,0x0000000087d00000)
 Metaspace       used 67941K, capacity 72478K, committed 72792K, reserved 1112064K
  class space    used 8993K, capacity 9774K, committed 9856K, reserved 1048576K
}
Event: 136187.795 GC heap before
{Heap before GC invocations=25 (full 3):
 PSYoungGen      total 425984K, used 425634K [0x00000000d5f00000, 0x00000000fc080000, 0x0000000100000000)
  eden space 419840K, 100% used [0x00000000d5f00000,0x00000000ef900000,0x00000000ef900000)
  from space 6144K, 94% used [0x00000000faa00000,0x00000000fafa89b0,0x00000000fb000000)
  to   space 13824K, 0% used [0x00000000fb300000,0x00000000fb300000,0x00000000fc080000)
 ParOldGen       total 99328K, used 29899K [0x0000000081c00000, 0x0000000087d00000, 0x00000000d5f00000)
  object space 99328K, 30% used [0x0000000081c00000,0x0000000083932ff8,0x0000000087d00000)
 Metaspace       used 67946K, capacity 72478K, committed 72792K, reserved 1112064K
  class space    used 8993K, capacity 9774K, committed 9856K, reserved 1048576K
Event: 136187.862 GC heap after
Heap after GC invocations=25 (full 3):
 PSYoungGen      total 408576K, used 6518K [0x00000000d5f00000, 0x00000000fb980000, 0x0000000100000000)
  eden space 401920K, 0% used [0x00000000d5f00000,0x00000000d5f00000,0x00000000ee780000)
  from space 6656K, 97% used [0x00000000fb300000,0x00000000fb95db80,0x00000000fb980000)
  to   space 13312K, 0% used [0x00000000f9f80000,0x00000000f9f80000,0x00000000fac80000)
 ParOldGen       total 99328K, used 29899K [0x0000000081c00000, 0x0000000087d00000, 0x00000000d5f00000)
  object space 99328K, 30% used [0x0000000081c00000,0x0000000083932ff8,0x0000000087d00000)
 Metaspace       used 67946K, capacity 72478K, committed 72792K, reserved 1112064K
  class space    used 8993K, capacity 9774K, committed 9856K, reserved 1048576K
}

